worker run
parseCmdArg
loadUserFile
init
readInput
Sender: connect all server success
performSuperstep
sent WM_BEGIN
Receiver: accept all client success
received MW_BEGIN
-----------------------------------------
superstep: 0
sent WW_NODEMSGLIST, 4274 msgs to worker[1]
sent WW_NODEMSGLIST, 1166 msgs to worker[2]
sent WW_NODEMSGLIST, 2332 msgs to worker[3]
sent WW_FINISHSENDNODEMSG to worker[1]
sent WW_FINISHSENDNODEMSG to worker[2]
sent WW_FINISHSENDNODEMSG to worker[3]
received all WW_NODEMSGLIST && WW_FINISHNODEMSG
sent WM_CURSSFINISH
received MW_NEXTSSSTART
-----------------------------------------
superstep: 1
sent WW_NODEMSGLIST, 4274 msgs to worker[1]
sent WW_NODEMSGLIST, 1166 msgs to worker[2]
sent WW_NODEMSGLIST, 2332 msgs to worker[3]
sent WW_FINISHSENDNODEMSG to worker[1]
sent WW_FINISHSENDNODEMSG to worker[2]
sent WW_FINISHSENDNODEMSG to worker[3]
received all WW_NODEMSGLIST && WW_FINISHNODEMSG
sent WM_CURSSFINISH
received MW_NEXTSSSTART
-----------------------------------------
superstep: 2
sent WW_NODEMSGLIST, 4274 msgs to worker[1]
sent WW_NODEMSGLIST, 1166 msgs to worker[2]
sent WW_NODEMSGLIST, 2332 msgs to worker[3]
sent WW_FINISHSENDNODEMSG to worker[1]
sent WW_FINISHSENDNODEMSG to worker[2]
sent WW_FINISHSENDNODEMSG to worker[3]
received all WW_NODEMSGLIST && WW_FINISHNODEMSG
sent WM_CURSSFINISH
received MW_NEXTSSSTART
-----------------------------------------
superstep: 3
sent WW_NODEMSGLIST, 4274 msgs to worker[1]
sent WW_NODEMSGLIST, 1166 msgs to worker[2]
sent WW_NODEMSGLIST, 2332 msgs to worker[3]
sent WW_FINISHSENDNODEMSG to worker[1]
sent WW_FINISHSENDNODEMSG to worker[2]
sent WW_FINISHSENDNODEMSG to worker[3]
received all WW_NODEMSGLIST && WW_FINISHNODEMSG
sent WM_CURSSFINISH
received MW_NEXTSSSTART
-----------------------------------------
superstep: 4
sent WW_NODEMSGLIST, 4274 msgs to worker[1]
sent WW_NODEMSGLIST, 1166 msgs to worker[2]
sent WW_NODEMSGLIST, 2332 msgs to worker[3]
sent WW_FINISHSENDNODEMSG to worker[1]
sent WW_FINISHSENDNODEMSG to worker[2]
sent WW_FINISHSENDNODEMSG to worker[3]
received all WW_NODEMSGLIST && WW_FINISHNODEMSG
sent WM_CURSSFINISH
received MW_NEXTSSSTART
-----------------------------------------
superstep: 5
sent WW_NODEMSGLIST, 4274 msgs to worker[1]
sent WW_NODEMSGLIST, 1166 msgs to worker[2]
sent WW_NODEMSGLIST, 2332 msgs to worker[3]
sent WW_FINISHSENDNODEMSG to worker[1]
sent WW_FINISHSENDNODEMSG to worker[2]
sent WW_FINISHSENDNODEMSG to worker[3]
received all WW_NODEMSGLIST && WW_FINISHNODEMSG
sent WM_CURSSFINISH
received MW_NEXTSSSTART
-----------------------------------------
superstep: 6
sent WW_NODEMSGLIST, 4274 msgs to worker[1]
sent WW_NODEMSGLIST, 1166 msgs to worker[2]
sent WW_NODEMSGLIST, 2332 msgs to worker[3]
sent WW_FINISHSENDNODEMSG to worker[1]
sent WW_FINISHSENDNODEMSG to worker[2]
sent WW_FINISHSENDNODEMSG to worker[3]
received all WW_NODEMSGLIST && WW_FINISHNODEMSG
sent WM_CURSSFINISH
received MW_NEXTSSSTART
-----------------------------------------
superstep: 7
sent WW_NODEMSGLIST, 4274 msgs to worker[1]
sent WW_NODEMSGLIST, 1166 msgs to worker[2]
sent WW_NODEMSGLIST, 2332 msgs to worker[3]
sent WW_FINISHSENDNODEMSG to worker[1]
sent WW_FINISHSENDNODEMSG to worker[2]
sent WW_FINISHSENDNODEMSG to worker[3]
received all WW_NODEMSGLIST && WW_FINISHNODEMSG
sent WM_CURSSFINISH
received MW_NEXTSSSTART
-----------------------------------------
superstep: 8
sent WW_FINISHSENDNODEMSG to worker[1]
sent WW_FINISHSENDNODEMSG to worker[2]
sent WW_FINISHSENDNODEMSG to worker[3]
received all WW_NODEMSGLIST && WW_FINISHNODEMSG
sent WM_CURSSFINISH
received MW_END
sent WM_END
writeOutput
Sender: closeAllSocket
Receiver: closeAllSocket
terminate
